Vivado Simulator 2013.3
Time resolution is 1 ps
Warning: NUMERIC_STD.TO_INTEGER: metavalue detected, returning 0
Time: 0 ps  Iteration: 0  Process: /tb_top_lvl/uut/i_control_unit/line__482  File: C:/Users/nikolaos.marinos/xil_IP_projects/axi_pulser_receiver_v4_3/axi_pulser_receiver_v4_3.srcs/sources_1/new/control_unit.vhd
Warning: NUMERIC_STD.TO_INTEGER: metavalue detected, returning 0
Time: 5 ns  Iteration: 3  Process: /tb_top_lvl/uut/i_control_unit/line__482  File: C:/Users/nikolaos.marinos/xil_IP_projects/axi_pulser_receiver_v4_3/axi_pulser_receiver_v4_3.srcs/sources_1/new/control_unit.vhd
Warning: NUMERIC_STD.TO_INTEGER: metavalue detected, returning 0
Time: 0 ps  Iteration: 0  Process: /tb_top_lvl/uut/i_control_unit/line__482  File: C:/Users/nikolaos.marinos/xil_IP_projects/axi_pulser_receiver_v4_3/axi_pulser_receiver_v4_3.srcs/sources_1/new/control_unit.vhd
Warning: NUMERIC_STD.TO_INTEGER: metavalue detected, returning 0
Time: 5 ns  Iteration: 3  Process: /tb_top_lvl/uut/i_control_unit/line__482  File: C:/Users/nikolaos.marinos/xil_IP_projects/axi_pulser_receiver_v4_3/axi_pulser_receiver_v4_3.srcs/sources_1/new/control_unit.vhd
Warning: NUMERIC_STD.TO_INTEGER: metavalue detected, returning 0
Time: 0 ps  Iteration: 0  Process: /tb_top_lvl/uut/i_control_unit/line__482  File: C:/Users/nikolaos.marinos/xil_IP_projects/axi_pulser_receiver_v4_3/axi_pulser_receiver_v4_3.srcs/sources_1/new/control_unit.vhd
Warning: NUMERIC_STD.TO_INTEGER: metavalue detected, returning 0
Time: 5 ns  Iteration: 3  Process: /tb_top_lvl/uut/i_control_unit/line__482  File: C:/Users/nikolaos.marinos/xil_IP_projects/axi_pulser_receiver_v4_3/axi_pulser_receiver_v4_3.srcs/sources_1/new/control_unit.vhd
Warning: NUMERIC_STD.TO_INTEGER: metavalue detected, returning 0
Time: 0 ps  Iteration: 0  Process: /tb_top_lvl/uut/i_control_unit/line__482  File: C:/Users/nikolaos.marinos/xil_IP_projects/axi_pulser_receiver_v4_3/axi_pulser_receiver_v4_3.srcs/sources_1/new/control_unit.vhd
Warning: NUMERIC_STD.TO_INTEGER: metavalue detected, returning 0
Time: 5 ns  Iteration: 3  Process: /tb_top_lvl/uut/i_control_unit/line__482  File: C:/Users/nikolaos.marinos/xil_IP_projects/axi_pulser_receiver_v4_3/axi_pulser_receiver_v4_3.srcs/sources_1/new/control_unit.vhd
Warning: NUMERIC_STD.TO_INTEGER: metavalue detected, returning 0
Time: 0 ps  Iteration: 0  Process: /tb_top_lvl/uut/i_control_unit/line__482  File: C:/Users/nikolaos.marinos/xil_IP_projects/axi_pulser_receiver_v4_3/axi_pulser_receiver_v4_3.srcs/sources_1/new/control_unit.vhd
Warning: NUMERIC_STD.TO_INTEGER: metavalue detected, returning 0
Time: 5 ns  Iteration: 3  Process: /tb_top_lvl/uut/i_control_unit/line__482  File: C:/Users/nikolaos.marinos/xil_IP_projects/axi_pulser_receiver_v4_3/axi_pulser_receiver_v4_3.srcs/sources_1/new/control_unit.vhd
Warning: NUMERIC_STD.TO_INTEGER: metavalue detected, returning 0
Time: 0 ps  Iteration: 0  Process: /tb_top_lvl/uut/i_control_unit/line__482  File: C:/Users/nikolaos.marinos/xil_IP_projects/axi_pulser_receiver_v4_3/axi_pulser_receiver_v4_3.srcs/sources_1/new/control_unit.vhd
Warning: NUMERIC_STD.TO_INTEGER: metavalue detected, returning 0
Time: 5 ns  Iteration: 3  Process: /tb_top_lvl/uut/i_control_unit/line__482  File: C:/Users/nikolaos.marinos/xil_IP_projects/axi_pulser_receiver_v4_3/axi_pulser_receiver_v4_3.srcs/sources_1/new/control_unit.vhd
